#
# There is insufficient memory for the Java Runtime Environment to continue.
# Native memory allocation (malloc) failed to allocate 32744 bytes for Chunk::new
# Possible reasons:
#   The system is out of physical RAM or swap space
#   The process is running with CompressedOops enabled, and the Java Heap may be blocking the growth of the native heap
# Possible solutions:
#   Reduce memory load on the system
#   Increase physical memory or swap space
#   Check if swap backing store is full
#   Decrease Java heap size (-Xmx/-Xms)
#   Decrease number of Java threads
#   Decrease Java thread stack sizes (-Xss)
#   Set larger code cache with -XX:ReservedCodeCacheSize=
#   JVM is running with Unscaled Compressed Oops mode in which the Java heap is
#     placed in the first 4GB address space. The Java Heap base address is the
#     maximum limit for the native heap growth. Please use -XX:HeapBaseMinAddress
#     to set the Java Heap base and to place the Java Heap above 4GB virtual address.
# This output file may be truncated or incomplete.
#
#  Out of Memory Error (arena.cpp:184), pid=3340, tid=6448
#
# JRE version: OpenJDK Runtime Environment (19.0.2+7) (build 19.0.2+7-44)
# Java VM: OpenJDK 64-Bit Server VM (19.0.2+7-44, mixed mode, sharing, tiered, compressed oops, compressed class ptrs, g1 gc, windows-amd64)
# No core dump will be written. Minidumps are not enabled by default on client versions of Windows
#

---------------  S U M M A R Y ------------

Command Line: -javaagent:C:\Program Files\JetBrains\IntelliJ IDEA Community Edition 2022.2.1\lib\idea_rt.jar=51021:C:\Program Files\JetBrains\IntelliJ IDEA Community Edition 2022.2.1\bin -Dfile.encoding=UTF-8 -Dsun.stdout.encoding=UTF-8 -Dsun.stderr.encoding=UTF-8 co.develhope.springrepositories2.SpringRepositories2Application

Host: Intel(R) Celeron(R) CPU B830 @ 1.80GHz, 2 cores, 5G,  Windows 10 , 64 bit Build 19041 (10.0.19041.2788)
Time: Mon May  1 15:26:25 2023 ora legale Europa occidentale elapsed time: 0.610377 seconds (0d 0h 0m 0s)

---------------  T H R E A D  ---------------

Current thread (0x00000210f7752360):  JavaThread "C1 CompilerThread0" daemon [_thread_in_native, id=6448, stack(0x000000c44e900000,0x000000c44ea00000)]


Current CompileTask:
C1:    610  490       3      
[error occurred during error reporting (printing current compile task), id 0xe0000001, Out of Memory Error (s\open\src\hotspot\share\memory\arena.cpp:184)]

Stack: [0x000000c44e900000,0x000000c44ea00000]
Native frames: (J=compiled Java code, j=interpreted, Vv=VM code, C=native code)
V  [jvm.dll+0x6ee21a]
V  [jvm.dll+0x85765e]
V  [jvm.dll+0x85904e]
V  [jvm.dll+0x859703]
V  [jvm.dll+0x28298f]
V  [jvm.dll+0xc9adf]
V  [jvm.dll+0xc9e65]
V  [jvm.dll+0x7bf64c]
V  [jvm.dll+0x7bf739]
V  [jvm.dll+0x6a2709]
V  [jvm.dll+0x2600b6]
V  [jvm.dll+0x8574f6]
V  [jvm.dll+0x85904e]
V  [jvm.dll+0x859703]
V  [jvm.dll+0x28298f]
V  [jvm.dll+0xc9adf]
V  [jvm.dll+0xc9e65]
V  [jvm.dll+0x1a35e3]
V  [jvm.dll+0x1a36ad]
V  [jvm.dll+0x1a5eea]
V  [jvm.dll+0x1a7bc1]
V  [jvm.dll+0x1616d3]
V  [jvm.dll+0x160fb2]
V  [jvm.dll+0x161208]
V  [jvm.dll+0x160666]
V  [jvm.dll+0x16235d]
V  [jvm.dll+0x25b25a]
V  [jvm.dll+0x2596e8]
V  [jvm.dll+0x807588]
V  [jvm.dll+0x80125a]
V  [jvm.dll+0x6ecf0b]
C  [ucrtbase.dll+0x21bb2]
C  [KERNEL32.DLL+0x17604]
C  [ntdll.dll+0x526a1]


---------------  P R O C E S S  ---------------

Threads class SMR info:
_java_thread_list=0x00000210fbd8ab80, length=13, elements={
0x00000210daf37640, 0x00000210f77445b0, 0x00000210f7745540, 0x00000210f7747640,
0x00000210f774d880, 0x00000210f774c5d0, 0x00000210f774df00, 0x00000210f774f7b0,
0x00000210f7752360, 0x00000210f7761cb0, 0x00000210f77172b0, 0x00000210fbbfdbd0,
0x00000210fbb33880
}

Java Threads: ( => current thread )
  0x00000210daf37640 JavaThread "main" [_thread_in_vm, id=6420, stack(0x000000c44db00000,0x000000c44dc00000)]
  0x00000210f77445b0 JavaThread "Reference Handler" daemon [_thread_blocked, id=4092, stack(0x000000c44e200000,0x000000c44e300000)]
  0x00000210f7745540 JavaThread "Finalizer" daemon [_thread_blocked, id=6832, stack(0x000000c44e300000,0x000000c44e400000)]
  0x00000210f7747640 JavaThread "Signal Dispatcher" daemon [_thread_blocked, id=2044, stack(0x000000c44e400000,0x000000c44e500000)]
  0x00000210f774d880 JavaThread "Attach Listener" daemon [_thread_blocked, id=204, stack(0x000000c44e500000,0x000000c44e600000)]
  0x00000210f774c5d0 JavaThread "Service Thread" daemon [_thread_blocked, id=5964, stack(0x000000c44e600000,0x000000c44e700000)]
  0x00000210f774df00 JavaThread "Monitor Deflation Thread" daemon [_thread_blocked, id=6840, stack(0x000000c44e700000,0x000000c44e800000)]
  0x00000210f774f7b0 JavaThread "C2 CompilerThread0" daemon [_thread_in_native, id=5292, stack(0x000000c44e800000,0x000000c44e900000)]
=>0x00000210f7752360 JavaThread "C1 CompilerThread0" daemon [_thread_in_native, id=6448, stack(0x000000c44e900000,0x000000c44ea00000)]
  0x00000210f7761cb0 JavaThread "Sweeper thread" daemon [_thread_blocked, id=2084, stack(0x000000c44ea00000,0x000000c44eb00000)]
  0x00000210f77172b0 JavaThread "Common-Cleaner" daemon [_thread_blocked, id=6484, stack(0x000000c44eb00000,0x000000c44ec00000)]
  0x00000210fbbfdbd0 JavaThread "Monitor Ctrl-Break" daemon [_thread_in_native, id=6636, stack(0x000000c44ec00000,0x000000c44ed00000)]
  0x00000210fbb33880 JavaThread "Notification Thread" daemon [_thread_blocked, id=6120, stack(0x000000c44ed00000,0x000000c44ee00000)]

Other Threads:
  0x00000210f772da60 VMThread "VM Thread" [stack: 0x000000c44e100000,0x000000c44e200000] [id=3920]
  0x00000210fbbfe110 WatcherThread "VM Periodic Task Thread" [stack: 0x000000c44ee00000,0x000000c44ef00000] [id=6192]
  0x00000210daf84ae0 WorkerThread "GC Thread#0" [stack: 0x000000c44dc00000,0x000000c44dd00000] [id=7780]
  0x00000210fbd9f5c0 WorkerThread "GC Thread#1" [stack: 0x000000c44ef00000,0x000000c44f000000] [id=7564]
  0x00000210daf91700 ConcurrentGCThread "G1 Main Marker" [stack: 0x000000c44dd00000,0x000000c44de00000] [id=7960]
  0x00000210daf936e0 WorkerThread "G1 Conc#0" [stack: 0x000000c44de00000,0x000000c44df00000] [id=4992]
  0x00000210daff5ef0 ConcurrentGCThread "G1 Refine#0" [stack: 0x000000c44df00000,0x000000c44e000000] [id=7516]
  0x00000210daff6bd0 ConcurrentGCThread "G1 Service" [stack: 0x000000c44e000000,0x000000c44e100000] [id=1320]

Threads with active compile tasks:
C2 CompilerThread0      685  487   !   4       java.io.BufferedReader::read (59 bytes)
C1 CompilerThread0      685  490       3       jdk.internal.org.objectweb.asm.Frame::execute (2305 bytes)

VM state: not at safepoint (normal execution)

VM Mutex/Monitor currently owned by a thread: None

Heap address: 0x00000000a1a00000, size: 1510 MB, Compressed Oops mode: 32-bit

CDS archive(s) mapped at: [0x0000000800000000-0x0000000800c40000-0x0000000800c40000), size 12845056, SharedBaseAddress: 0x0000000800000000, ArchiveRelocationMode: 0.
Compressed class space mapped at: 0x0000000801000000-0x0000000841000000, reserved size: 1073741824
Narrow klass base: 0x0000000800000000, Narrow klass shift: 0, Narrow klass range: 0x100000000

GC Precious Log:
 CardTable entry size: 512
 Card Set container configuration: InlinePtr #cards 5 size 8 Array Of Cards #cards 12 size 40 Howl #buckets 4 coarsen threshold 1843 Howl Bitmap #cards 512 size 80 coarsen threshold 460 Card regions per heap region 1 cards per card region 2048
 CPUs: 2 total, 2 available
 Memory: 6033M
 Large Page Support: Disabled
 NUMA Support: Disabled
 Compressed Oops: Enabled (32-bit)
 Heap Region Size: 1M
 Heap Min Capacity: 8M
 Heap Initial Capacity: 96M
 Heap Max Capacity: 1510M
 Pre-touch: Disabled
 Parallel Workers: 2
 Concurrent Workers: 1
 Concurrent Refinement Workers: 2
 Periodic GC: Disabled

Heap:
 garbage-first heap   total 98304K, used 5751K [0x00000000a1a00000, 0x0000000100000000)
  region size 1024K, 3 young (3072K), 1 survivors (1024K)
 Metaspace       used 1858K, committed 1984K, reserved 1114112K
  class space    used 145K, committed 192K, reserved 1048576K

Heap Regions: E=young(eden), S=young(survivor), O=old, HS=humongous(starts), HC=humongous(continues), CS=collection set, F=free, OA=open archive, CA=closed archive, TAMS=top-at-mark-start (previous, next)
|   0|0x00000000a1a00000, 0x00000000a1b00000, 0x00000000a1b00000|100%|HS|  |TAMS 0x00000000a1a00000, 0x00000000a1a00000| Complete 
|   1|0x00000000a1b00000, 0x00000000a1c00000, 0x00000000a1c00000|100%| O|  |TAMS 0x00000000a1b00000, 0x00000000a1b00000| Untracked 
|   2|0x00000000a1c00000, 0x00000000a1d00000, 0x00000000a1d00000|100%| O|  |TAMS 0x00000000a1c00000, 0x00000000a1c00000| Untracked 
|   3|0x00000000a1d00000, 0x00000000a1d9de00, 0x00000000a1e00000| 61%| O|  |TAMS 0x00000000a1d00000, 0x00000000a1d00000| Untracked 
|   4|0x00000000a1e00000, 0x00000000a1e00000, 0x00000000a1f00000|  0%| F|  |TAMS 0x00000000a1e00000, 0x00000000a1e00000| Untracked 
|   5|0x00000000a1f00000, 0x00000000a1f00000, 0x00000000a2000000|  0%| F|  |TAMS 0x00000000a1f00000, 0x00000000a1f00000| Untracked 
|   6|0x00000000a2000000, 0x00000000a2000000, 0x00000000a2100000|  0%| F|  |TAMS 0x00000000a2000000, 0x00000000a2000000| Untracked 
|   7|0x00000000a2100000, 0x00000000a2100000, 0x00000000a2200000|  0%| F|  |TAMS 0x00000000a2100000, 0x00000000a2100000| Untracked 
|   8|0x00000000a2200000, 0x00000000a2200000, 0x00000000a2300000|  0%| F|  |TAMS 0x00000000a2200000, 0x00000000a2200000| Untracked 
|   9|0x00000000a2300000, 0x00000000a2300000, 0x00000000a2400000|  0%| F|  |TAMS 0x00000000a2300000, 0x00000000a2300000| Untracked 
|  10|0x00000000a2400000, 0x00000000a2400000, 0x00000000a2500000|  0%| F|  |TAMS 0x00000000a2400000, 0x00000000a2400000| Untracked 
|  11|0x00000000a2500000, 0x00000000a2500000, 0x00000000a2600000|  0%| F|  |TAMS 0x00000000a2500000, 0x00000000a2500000| Untracked 
|  12|0x00000000a2600000, 0x00000000a2600000, 0x00000000a2700000|  0%| F|  |TAMS 0x00000000a2600000, 0x00000000a2600000| Untracked 
|  13|0x00000000a2700000, 0x00000000a2700000, 0x00000000a2800000|  0%| F|  |TAMS 0x00000000a2700000, 0x00000000a2700000| Untracked 
|  14|0x00000000a2800000, 0x00000000a2800000, 0x00000000a2900000|  0%| F|  |TAMS 0x00000000a2800000, 0x00000000a2800000| Untracked 
|  15|0x00000000a2900000, 0x00000000a2900000, 0x00000000a2a00000|  0%| F|  |TAMS 0x00000000a2900000, 0x00000000a2900000| Untracked 
|  16|0x00000000a2a00000, 0x00000000a2a00000, 0x00000000a2b00000|  0%| F|  |TAMS 0x00000000a2a00000, 0x00000000a2a00000| Untracked 
|  17|0x00000000a2b00000, 0x00000000a2b00000, 0x00000000a2c00000|  0%| F|  |TAMS 0x00000000a2b00000, 0x00000000a2b00000| Untracked 
|  18|0x00000000a2c00000, 0x00000000a2c00000, 0x00000000a2d00000|  0%| F|  |TAMS 0x00000000a2c00000, 0x00000000a2c00000| Untracked 
|  19|0x00000000a2d00000, 0x00000000a2d00000, 0x00000000a2e00000|  0%| F|  |TAMS 0x00000000a2d00000, 0x00000000a2d00000| Untracked 
|  20|0x00000000a2e00000, 0x00000000a2e00000, 0x00000000a2f00000|  0%| F|  |TAMS 0x00000000a2e00000, 0x00000000a2e00000| Untracked 
|  21|0x00000000a2f00000, 0x00000000a2f00000, 0x00000000a3000000|  0%| F|  |TAMS 0x00000000a2f00000, 0x00000000a2f00000| Untracked 
|  22|0x00000000a3000000, 0x00000000a3000000, 0x00000000a3100000|  0%| F|  |TAMS 0x00000000a3000000, 0x00000000a3000000| Untracked 
|  23|0x00000000a3100000, 0x00000000a3100000, 0x00000000a3200000|  0%| F|  |TAMS 0x00000000a3100000, 0x00000000a3100000| Untracked 
|  24|0x00000000a3200000, 0x00000000a3200000, 0x00000000a3300000|  0%| F|  |TAMS 0x00000000a3200000, 0x00000000a3200000| Untracked 
|  25|0x00000000a3300000, 0x00000000a3300000, 0x00000000a3400000|  0%| F|  |TAMS 0x00000000a3300000, 0x00000000a3300000| Untracked 
|  26|0x00000000a3400000, 0x00000000a3400000, 0x00000000a3500000|  0%| F|  |TAMS 0x00000000a3400000, 0x00000000a3400000| Untracked 
|  27|0x00000000a3500000, 0x00000000a3500000, 0x00000000a3600000|  0%| F|  |TAMS 0x00000000a3500000, 0x00000000a3500000| Untracked 
|  28|0x00000000a3600000, 0x00000000a3600000, 0x00000000a3700000|  0%| F|  |TAMS 0x00000000a3600000, 0x00000000a3600000| Untracked 
|  29|0x00000000a3700000, 0x00000000a3700000, 0x00000000a3800000|  0%| F|  |TAMS 0x00000000a3700000, 0x00000000a3700000| Untracked 
|  30|0x00000000a3800000, 0x00000000a3800000, 0x00000000a3900000|  0%| F|  |TAMS 0x00000000a3800000, 0x00000000a3800000| Untracked 
|  31|0x00000000a3900000, 0x00000000a3900000, 0x00000000a3a00000|  0%| F|  |TAMS 0x00000000a3900000, 0x00000000a3900000| Untracked 
|  32|0x00000000a3a00000, 0x00000000a3a00000, 0x00000000a3b00000|  0%| F|  |TAMS 0x00000000a3a00000, 0x00000000a3a00000| Untracked 
|  33|0x00000000a3b00000, 0x00000000a3b00000, 0x00000000a3c00000|  0%| F|  |TAMS 0x00000000a3b00000, 0x00000000a3b00000| Untracked 
|  34|0x00000000a3c00000, 0x00000000a3c00000, 0x00000000a3d00000|  0%| F|  |TAMS 0x00000000a3c00000, 0x00000000a3c00000| Untracked 
|  35|0x00000000a3d00000, 0x00000000a3d00000, 0x00000000a3e00000|  0%| F|  |TAMS 0x00000000a3d00000, 0x00000000a3d00000| Untracked 
|  36|0x00000000a3e00000, 0x00000000a3e00000, 0x00000000a3f00000|  0%| F|  |TAMS 0x00000000a3e00000, 0x00000000a3e00000| Untracked 
|  37|0x00000000a3f00000, 0x00000000a3f00000, 0x00000000a4000000|  0%| F|  |TAMS 0x00000000a3f00000, 0x00000000a3f00000| Untracked 
|  38|0x00000000a4000000, 0x00000000a4000000, 0x00000000a4100000|  0%| F|  |TAMS 0x00000000a4000000, 0x00000000a4000000| Untracked 
|  39|0x00000000a4100000, 0x00000000a4100000, 0x00000000a4200000|  0%| F|  |TAMS 0x00000000a4100000, 0x00000000a4100000| Untracked 
|  40|0x00000000a4200000, 0x00000000a4200000, 0x00000000a4300000|  0%| F|  |TAMS 0x00000000a4200000, 0x00000000a4200000| Untracked 
|  41|0x00000000a4300000, 0x00000000a4300000, 0x00000000a4400000|  0%| F|  |TAMS 0x00000000a4300000, 0x00000000a4300000| Untracked 
|  42|0x00000000a4400000, 0x00000000a4400000, 0x00000000a4500000|  0%| F|  |TAMS 0x00000000a4400000, 0x00000000a4400000| Untracked 
|  43|0x00000000a4500000, 0x00000000a4500000, 0x00000000a4600000|  0%| F|  |TAMS 0x00000000a4500000, 0x00000000a4500000| Untracked 
|  44|0x00000000a4600000, 0x00000000a4600000, 0x00000000a4700000|  0%| F|  |TAMS 0x00000000a4600000, 0x00000000a4600000| Untracked 
|  45|0x00000000a4700000, 0x00000000a4700000, 0x00000000a4800000|  0%| F|  |TAMS 0x00000000a4700000, 0x00000000a4700000| Untracked 
|  46|0x00000000a4800000, 0x00000000a4800000, 0x00000000a4900000|  0%| F|  |TAMS 0x00000000a4800000, 0x00000000a4800000| Untracked 
|  47|0x00000000a4900000, 0x00000000a4900000, 0x00000000a4a00000|  0%| F|  |TAMS 0x00000000a4900000, 0x00000000a4900000| Untracked 
|  48|0x00000000a4a00000, 0x00000000a4a00000, 0x00000000a4b00000|  0%| F|  |TAMS 0x00000000a4a00000, 0x00000000a4a00000| Untracked 
|  49|0x00000000a4b00000, 0x00000000a4b00000, 0x00000000a4c00000|  0%| F|  |TAMS 0x00000000a4b00000, 0x00000000a4b00000| Untracked 
|  50|0x00000000a4c00000, 0x00000000a4c00000, 0x00000000a4d00000|  0%| F|  |TAMS 0x00000000a4c00000, 0x00000000a4c00000| Untracked 
|  51|0x00000000a4d00000, 0x00000000a4d00000, 0x00000000a4e00000|  0%| F|  |TAMS 0x00000000a4d00000, 0x00000000a4d00000| Untracked 
|  52|0x00000000a4e00000, 0x00000000a4e00000, 0x00000000a4f00000|  0%| F|  |TAMS 0x00000000a4e00000, 0x00000000a4e00000| Untracked 
|  53|0x00000000a4f00000, 0x00000000a4f00000, 0x00000000a5000000|  0%| F|  |TAMS 0x00000000a4f00000, 0x00000000a4f00000| Untracked 
|  54|0x00000000a5000000, 0x00000000a5000000, 0x00000000a5100000|  0%| F|  |TAMS 0x00000000a5000000, 0x00000000a5000000| Untracked 
|  55|0x00000000a5100000, 0x00000000a5100000, 0x00000000a5200000|  0%| F|  |TAMS 0x00000000a5100000, 0x00000000a5100000| Untracked 
|  56|0x00000000a5200000, 0x00000000a5200000, 0x00000000a5300000|  0%| F|  |TAMS 0x00000000a5200000, 0x00000000a5200000| Untracked 
|  57|0x00000000a5300000, 0x00000000a5300000, 0x00000000a5400000|  0%| F|  |TAMS 0x00000000a5300000, 0x00000000a5300000| Untracked 
|  58|0x00000000a5400000, 0x00000000a5400000, 0x00000000a5500000|  0%| F|  |TAMS 0x00000000a5400000, 0x00000000a5400000| Untracked 
|  59|0x00000000a5500000, 0x00000000a5500000, 0x00000000a5600000|  0%| F|  |TAMS 0x00000000a5500000, 0x00000000a5500000| Untracked 
|  60|0x00000000a5600000, 0x00000000a5600000, 0x00000000a5700000|  0%| F|  |TAMS 0x00000000a5600000, 0x00000000a5600000| Untracked 
|  61|0x00000000a5700000, 0x00000000a5700000, 0x00000000a5800000|  0%| F|  |TAMS 0x00000000a5700000, 0x00000000a5700000| Untracked 
|  62|0x00000000a5800000, 0x00000000a5800000, 0x00000000a5900000|  0%| F|  |TAMS 0x00000000a5800000, 0x00000000a5800000| Untracked 
|  63|0x00000000a5900000, 0x00000000a5900000, 0x00000000a5a00000|  0%| F|  |TAMS 0x00000000a5900000, 0x00000000a5900000| Untracked 
|  64|0x00000000a5a00000, 0x00000000a5a00000, 0x00000000a5b00000|  0%| F|  |TAMS 0x00000000a5a00000, 0x00000000a5a00000| Untracked 
|  65|0x00000000a5b00000, 0x00000000a5b00000, 0x00000000a5c00000|  0%| F|  |TAMS 0x00000000a5b00000, 0x00000000a5b00000| Untracked 
|  66|0x00000000a5c00000, 0x00000000a5c00000, 0x00000000a5d00000|  0%| F|  |TAMS 0x00000000a5c00000, 0x00000000a5c00000| Untracked 
|  67|0x00000000a5d00000, 0x00000000a5d00000, 0x00000000a5e00000|  0%| F|  |TAMS 0x00000000a5d00000, 0x00000000a5d00000| Untracked 
|  68|0x00000000a5e00000, 0x00000000a5e00000, 0x00000000a5f00000|  0%| F|  |TAMS 0x00000000a5e00000, 0x00000000a5e00000| Untracked 
|  69|0x00000000a5f00000, 0x00000000a5f00000, 0x00000000a6000000|  0%| F|  |TAMS 0x00000000a5f00000, 0x00000000a5f00000| Untracked 
|  70|0x00000000a6000000, 0x00000000a6000000, 0x00000000a6100000|  0%| F|  |TAMS 0x00000000a6000000, 0x00000000a6000000| Untracked 
|  71|0x00000000a6100000, 0x00000000a6100000, 0x00000000a6200000|  0%| F|  |TAMS 0x00000000a6100000, 0x00000000a6100000| Untracked 
|  72|0x00000000a6200000, 0x00000000a6200000, 0x00000000a6300000|  0%| F|  |TAMS 0x00000000a6200000, 0x00000000a6200000| Untracked 
|  73|0x00000000a6300000, 0x00000000a6300000, 0x00000000a6400000|  0%| F|  |TAMS 0x00000000a6300000, 0x00000000a6300000| Untracked 
|  74|0x00000000a6400000, 0x00000000a6400000, 0x00000000a6500000|  0%| F|  |TAMS 0x00000000a6400000, 0x00000000a6400000| Untracked 
|  75|0x00000000a6500000, 0x00000000a6500000, 0x00000000a6600000|  0%| F|  |TAMS 0x00000000a6500000, 0x00000000a6500000| Untracked 
|  76|0x00000000a6600000, 0x00000000a6600000, 0x00000000a6700000|  0%| F|  |TAMS 0x00000000a6600000, 0x00000000a6600000| Untracked 
|  77|0x00000000a6700000, 0x00000000a6700000, 0x00000000a6800000|  0%| F|  |TAMS 0x00000000a6700000, 0x00000000a6700000| Untracked 
|  78|0x00000000a6800000, 0x00000000a6800000, 0x00000000a6900000|  0%| F|  |TAMS 0x00000000a6800000, 0x00000000a6800000| Untracked 
|  79|0x00000000a6900000, 0x00000000a6900000, 0x00000000a6a00000|  0%| F|  |TAMS 0x00000000a6900000, 0x00000000a6900000| Untracked 
|  80|0x00000000a6a00000, 0x00000000a6a00000, 0x00000000a6b00000|  0%| F|  |TAMS 0x00000000a6a00000, 0x00000000a6a00000| Untracked 
|  81|0x00000000a6b00000, 0x00000000a6b00000, 0x00000000a6c00000|  0%| F|  |TAMS 0x00000000a6b00000, 0x00000000a6b00000| Untracked 
|  82|0x00000000a6c00000, 0x00000000a6c00000, 0x00000000a6d00000|  0%| F|  |TAMS 0x00000000a6c00000, 0x00000000a6c00000| Untracked 
|  83|0x00000000a6d00000, 0x00000000a6d00000, 0x00000000a6e00000|  0%| F|  |TAMS 0x00000000a6d00000, 0x00000000a6d00000| Untracked 
|  84|0x00000000a6e00000, 0x00000000a6e00000, 0x00000000a6f00000|  0%| F|  |TAMS 0x00000000a6e00000, 0x00000000a6e00000| Untracked 
|  85|0x00000000a6f00000, 0x00000000a6f00000, 0x00000000a7000000|  0%| F|  |TAMS 0x00000000a6f00000, 0x00000000a6f00000| Untracked 
|  86|0x00000000a7000000, 0x00000000a7000000, 0x00000000a7100000|  0%| F|  |TAMS 0x00000000a7000000, 0x00000000a7000000| Untracked 
|  87|0x00000000a7100000, 0x00000000a7100000, 0x00000000a7200000|  0%| F|  |TAMS 0x00000000a7100000, 0x00000000a7100000| Untracked 
|  88|0x00000000a7200000, 0x00000000a7200000, 0x00000000a7300000|  0%| F|  |TAMS 0x00000000a7200000, 0x00000000a7200000| Untracked 
|  89|0x00000000a7300000, 0x00000000a7400000, 0x00000000a7400000|100%| S|CS|TAMS 0x00000000a7300000, 0x00000000a7300000| Complete 
|  90|0x00000000a7400000, 0x00000000a7400000, 0x00000000a7500000|  0%| F|  |TAMS 0x00000000a7400000, 0x00000000a7400000| Untracked 
|  91|0x00000000a7500000, 0x00000000a7500000, 0x00000000a7600000|  0%| F|  |TAMS 0x00000000a7500000, 0x00000000a7500000| Untracked 
|  92|0x00000000a7600000, 0x00000000a7600000, 0x00000000a7700000|  0%| F|  |TAMS 0x00000000a7600000, 0x00000000a7600000| Untracked 
|  93|0x00000000a7700000, 0x00000000a7700000, 0x00000000a7800000|  0%| F|  |TAMS 0x00000000a7700000, 0x00000000a7700000| Untracked 
|  94|0x00000000a7800000, 0x00000000a78a2970, 0x00000000a7900000| 63%| E|  |TAMS 0x00000000a7800000, 0x00000000a7800000| Complete 
|  95|0x00000000a7900000, 0x00000000a7a00000, 0x00000000a7a00000|100%| E|CS|TAMS 0x00000000a7900000, 0x00000000a7900000| Complete 

Card table byte_map: [0x00000210f1e90000,0x00000210f2190000] _byte_map_base: 0x00000210f1983000

Marking Bits (Prev, Next): (CMBitMap*) 0x00000210daf85110, (CMBitMap*) 0x00000210daf85150
 Prev Bits: [0x00000210f2490000, 0x00000210f3c28000)
 Next Bits: [0x00000210f3c30000, 0x00000210f53c8000)

Polling page: 0x00000210d8ea0000

Metaspace:

Usage:
  Non-class:      1.67 MB used.
      Class:    145.22 KB used.
       Both:      1.81 MB used.

Virtual space:
  Non-class space:       64.00 MB reserved,       1.75 MB (  3%) committed,  1 nodes.
      Class space:        1.00 GB reserved,     192.00 KB ( <1%) committed,  1 nodes.
             Both:        1.06 GB reserved,       1.94 MB ( <1%) committed. 

Chunk freelists:
   Non-Class:  3.54 MB
       Class:  3.69 MB
        Both:  7.24 MB

MaxMetaspaceSize: unlimited
CompressedClassSpaceSize: 1.00 GB
Initial GC threshold: 21.00 MB
Current GC threshold: 21.00 MB
CDS: on
MetaspaceReclaimPolicy: balanced
 - commit_granule_bytes: 65536.
 - commit_granule_words: 8192.
 - virtual_space_node_default_size: 8388608.
 - enlarge_chunks_in_place: 1.
 - new_chunks_are_fully_committed: 0.
 - uncommit_free_chunks: 1.
 - use_allocation_guard: 0.


Internal statistics:

num_allocs_failed_limit: 0.
num_arena_births: 26.
num_arena_deaths: 0.
num_vsnodes_births: 2.
num_vsnodes_deaths: 0.
num_space_committed: 31.
num_space_uncommitted: 0.
num_chunks_returned_to_freelist: 0.
num_chunks_taken_from_freelist: 51.
num_chunk_merges: 0.
num_chunk_splits: 33.
num_chunks_enlarged: 25.
num_inconsistent_stats: 0.

CodeHeap 'non-profiled nmethods': size=120064Kb used=158Kb max_used=158Kb free=119905Kb
 bounds [0x00000210ea950000, 0x00000210eabc0000, 0x00000210f1e90000]
CodeHeap 'profiled nmethods': size=120000Kb used=698Kb max_used=698Kb free=119301Kb
 bounds [0x00000210e2e90000, 0x00000210e3100000, 0x00000210ea3c0000]
CodeHeap 'non-nmethods': size=5696Kb used=1217Kb max_used=1231Kb free=4478Kb
 bounds [0x00000210ea3c0000, 0x00000210ea630000, 0x00000210ea950000]
 total_blobs=907 nmethods=487 adapters=332
 compilation: enabled
              stopped_count=0, restarted_count=0
 full_count=0

Compilation events (20 events):
Event: 0.591 Thread 0x00000210f774f7b0 nmethod 483 0x00000210ea976510 code [0x00000210ea9766a0, 0x00000210ea9767d8]
Event: 0.591 Thread 0x00000210f774f7b0  484       4       java.util.concurrent.locks.AbstractQueuedSynchronizer::signalNext (34 bytes)
Event: 0.592 Thread 0x00000210f774f7b0 nmethod 484 0x00000210ea976890 code [0x00000210ea976a20, 0x00000210ea976af8]
Event: 0.592 Thread 0x00000210f774f7b0  485       4       java.util.concurrent.locks.ReentrantLock$NonfairSync::initialTryLock (58 bytes)
Event: 0.593 Thread 0x00000210f7752360 nmethod 478 0x00000210e2f35210 code [0x00000210e2f357e0, 0x00000210e2f38468]
Event: 0.593 Thread 0x00000210f7752360  479       3       sun.security.provider.PolicyParser::peek (182 bytes)
Event: 0.593 Thread 0x00000210f7752360 nmethod 479 0x00000210e2f38e90 code [0x00000210e2f390c0, 0x00000210e2f39748]
Event: 0.593 Thread 0x00000210f7752360  480       3       sun.security.provider.PolicyParser::match (775 bytes)
Event: 0.595 Thread 0x00000210f774f7b0 nmethod 485 0x00000210ea976c10 code [0x00000210ea976da0, 0x00000210ea976f18]
Event: 0.595 Thread 0x00000210f774f7b0  486       4       java.io.StreamTokenizer::read (38 bytes)
Event: 0.597 Thread 0x00000210f7752360 nmethod 480 0x00000210e2f39990 code [0x00000210e2f3a000, 0x00000210e2f3c698]
Event: 0.597 Thread 0x00000210f7752360  481       3       java.lang.String::<init> (14 bytes)
Event: 0.597 Thread 0x00000210f7752360 nmethod 481 0x00000210e2f3d790 code [0x00000210e2f3d960, 0x00000210e2f3dcb8]
Event: 0.597 Thread 0x00000210f7752360  482       3       java.lang.String::rangeCheck (9 bytes)
Event: 0.598 Thread 0x00000210f7752360 nmethod 482 0x00000210e2f3de90 code [0x00000210e2f3e060, 0x00000210e2f3e2e8]
Event: 0.599 Thread 0x00000210f7752360  489       3       java.lang.String::copyValueOf (11 bytes)
Event: 0.599 Thread 0x00000210f7752360 nmethod 489 0x00000210e2f3e490 code [0x00000210e2f3e640, 0x00000210e2f3e7c8]
Event: 0.604 Thread 0x00000210f774f7b0 nmethod 486 0x00000210ea976f90 code [0x00000210ea977160, 0x00000210ea977598]
Event: 0.604 Thread 0x00000210f7752360  490       3       jdk.internal.org.objectweb.asm.Frame::execute (2305 bytes)
Event: 0.604 Thread 0x00000210f774f7b0  487   !   4       java.io.BufferedReader::read (59 bytes)

GC Heap History (2 events):
Event: 0.431 GC heap before
{Heap before GC invocations=0 (full 0):
 garbage-first heap   total 98304K, used 6144K [0x00000000a1a00000, 0x0000000100000000)
  region size 1024K, 6 young (6144K), 0 survivors (0K)
 Metaspace       used 556K, committed 768K, reserved 1114112K
  class space    used 24K, committed 128K, reserved 1048576K
}
Event: 0.441 GC heap after
{Heap after GC invocations=1 (full 0):
 garbage-first heap   total 98304K, used 4727K [0x00000000a1a00000, 0x0000000100000000)
  region size 1024K, 1 young (1024K), 1 survivors (1024K)
 Metaspace       used 556K, committed 768K, reserved 1114112K
  class space    used 24K, committed 128K, reserved 1048576K
}

Dll operation events (11 events):
Event: 0.013 Loaded shared library C:\Users\Utente-PC\.jdks\openjdk-19.0.2\bin\java.dll
Event: 0.028 Loaded shared library C:\Users\Utente-PC\.jdks\openjdk-19.0.2\bin\jsvml.dll
Event: 0.236 Loaded shared library C:\Users\Utente-PC\.jdks\openjdk-19.0.2\bin\zip.dll
Event: 0.241 Loaded shared library C:\Users\Utente-PC\.jdks\openjdk-19.0.2\bin\instrument.dll
Event: 0.251 Loaded shared library C:\Users\Utente-PC\.jdks\openjdk-19.0.2\bin\net.dll
Event: 0.254 Loaded shared library C:\Users\Utente-PC\.jdks\openjdk-19.0.2\bin\nio.dll
Event: 0.258 Loaded shared library C:\Users\Utente-PC\.jdks\openjdk-19.0.2\bin\zip.dll
Event: 0.419 Loaded shared library C:\Program Files\JetBrains\IntelliJ IDEA Community Edition 2022.2.1\bin\breakgen64.dll
Event: 0.489 Loaded shared library C:\Users\Utente-PC\.jdks\openjdk-19.0.2\bin\extnet.dll
Event: 0.506 Loaded shared library C:\Users\Utente-PC\.jdks\openjdk-19.0.2\bin\verify.dll
Event: 0.516 Loaded shared library C:\Users\Utente-PC\.jdks\openjdk-19.0.2\bin\jimage.dll

Deoptimization events (20 events):
Event: 0.397 Thread 0x00000210daf37640 Uncommon trap: trap_request=0xffffff45 fr.pc=0x00000210ea962a18 relative=0x0000000000000178
Event: 0.397 Thread 0x00000210daf37640 Uncommon trap: reason=unstable_if action=reinterpret pc=0x00000210ea962a18 method=java.util.zip.ZipFile$Source.isMetaName([BII)Z @ 57 c2
Event: 0.397 Thread 0x00000210daf37640 DEOPT PACKING pc=0x00000210ea962a18 sp=0x000000c44dbfdd30
Event: 0.397 Thread 0x00000210daf37640 DEOPT UNPACKING pc=0x00000210ea426d9d sp=0x000000c44dbfdcd8 mode 2
Event: 0.421 Thread 0x00000210daf37640 Uncommon trap: trap_request=0xffffff45 fr.pc=0x00000210ea96017c relative=0x000000000000005c
Event: 0.421 Thread 0x00000210daf37640 Uncommon trap: reason=unstable_if action=reinterpret pc=0x00000210ea96017c method=java.lang.String.isLatin1()Z @ 10 c2
Event: 0.421 Thread 0x00000210daf37640 DEOPT PACKING pc=0x00000210ea96017c sp=0x000000c44dbfe170
Event: 0.421 Thread 0x00000210daf37640 DEOPT UNPACKING pc=0x00000210ea426d9d sp=0x000000c44dbfe100 mode 2
Event: 0.421 Thread 0x00000210daf37640 Uncommon trap: trap_request=0xffffff45 fr.pc=0x00000210ea9516c4 relative=0x00000000000000a4
Event: 0.421 Thread 0x00000210daf37640 Uncommon trap: reason=unstable_if action=reinterpret pc=0x00000210ea9516c4 method=java.lang.String.isLatin1()Z @ 10 c2
Event: 0.421 Thread 0x00000210daf37640 DEOPT PACKING pc=0x00000210ea9516c4 sp=0x000000c44dbfeb40
Event: 0.421 Thread 0x00000210daf37640 DEOPT UNPACKING pc=0x00000210ea426d9d sp=0x000000c44dbfea80 mode 2
Event: 0.529 Thread 0x00000210daf37640 DEOPT PACKING pc=0x00000210e2edb5b6 sp=0x000000c44dbfcde0
Event: 0.529 Thread 0x00000210daf37640 DEOPT UNPACKING pc=0x00000210ea427524 sp=0x000000c44dbfc2d8 mode 0
Event: 0.532 Thread 0x00000210daf37640 DEOPT PACKING pc=0x00000210e2ecc6d7 sp=0x000000c44dbf9720
Event: 0.532 Thread 0x00000210daf37640 DEOPT UNPACKING pc=0x00000210ea427524 sp=0x000000c44dbf8ba0 mode 0
Event: 0.603 Thread 0x00000210daf37640 Uncommon trap: trap_request=0xffffff45 fr.pc=0x00000210ea95e834 relative=0x0000000000000814
Event: 0.603 Thread 0x00000210daf37640 Uncommon trap: reason=unstable_if action=reinterpret pc=0x00000210ea95e834 method=java.util.HashMap.putVal(ILjava/lang/Object;Ljava/lang/Object;ZZ)Ljava/lang/Object; @ 69 c2
Event: 0.603 Thread 0x00000210daf37640 DEOPT PACKING pc=0x00000210ea95e834 sp=0x000000c44dbfbb30
Event: 0.603 Thread 0x00000210daf37640 DEOPT UNPACKING pc=0x00000210ea426d9d sp=0x000000c44dbfbae0 mode 2

Classes loaded (20 events):
Event: 0.600 Loading class java/util/Vector$1
Event: 0.600 Loading class java/util/Vector$1 done
Event: 0.600 Loading class sun/net/www/protocol/jrt/Handler
Event: 0.600 Loading class sun/net/www/protocol/jrt/Handler done
Event: 0.601 Loading class sun/security/provider/PolicyFile$PolicyEntry
Event: 0.601 Loading class sun/security/provider/PolicyFile$PolicyEntry done
Event: 0.601 Loading class java/net/SocketPermission
Event: 0.601 Loading class java/net/SocketPermission done
Event: 0.601 Loading class java/util/PropertyPermission
Event: 0.601 Loading class java/util/PropertyPermission done
Event: 0.601 Loading class java/net/NetPermission
Event: 0.601 Loading class java/net/NetPermission done
Event: 0.601 Loading class sun/security/util/SecurityConstants
Event: 0.601 Loading class sun/security/util/SecurityConstants done
Event: 0.602 Loading class java/security/SecurityPermission
Event: 0.602 Loading class java/security/SecurityPermission done
Event: 0.602 Loading class java/lang/reflect/ReflectPermission
Event: 0.602 Loading class java/lang/reflect/ReflectPermission done
Event: 0.602 Loading class java/net/URLPermission
Event: 0.603 Loading class java/net/URLPermission done

Classes unloaded (0 events):
No events

Classes redefined (0 events):
No events

Internal exceptions (3 events):
Event: 0.401 Thread 0x00000210daf37640 Exception <a 'java/lang/NoSuchMethodError'{0x00000000a748b1b0}: 'void java.lang.invoke.DirectMethodHandle$Holder.invokeStatic(java.lang.Object, java.lang.Object, java.lang.Object)'> (0x00000000a748b1b0) 
thrown [s\open\src\hotspot\share\interpreter\linkResolver.cpp, line 774]
Event: 0.412 Thread 0x00000210daf37640 Exception <a 'java/lang/NoSuchMethodError'{0x00000000a74a3a18}: 'java.lang.Object java.lang.invoke.Invokers$Holder.invokeExact_MT(java.lang.Object, java.lang.Object, java.lang.Object, java.lang.Object, java.lang.Object)'> (0x00000000a74a3a18) 
thrown [s\open\src\hotspot\share\interpreter\linkResolver.cpp, line 774]
Event: 0.492 Thread 0x00000210fbbfdbd0 Exception <a 'java/lang/NoSuchMethodError'{0x00000000a7907720}: 'void java.lang.invoke.DirectMethodHandle$Holder.invokeStatic(java.lang.Object, java.lang.Object)'> (0x00000000a7907720) 
thrown [s\open\src\hotspot\share\interpreter\linkResolver.cpp, line 774]

VM Operations (6 events):
Event: 0.193 Executing VM operation: HandshakeAllThreads
Event: 0.193 Executing VM operation: HandshakeAllThreads done
Event: 0.431 Executing VM operation: G1CollectForAllocation
Event: 0.441 Executing VM operation: G1CollectForAllocation done
Event: 0.447 Executing VM operation: HandshakeAllThreads
Event: 0.447 Executing VM operation: HandshakeAllThreads done

Events (13 events):
Event: 0.028 Thread 0x00000210daf37640 Thread added: 0x00000210daf37640
Event: 0.053 Thread 0x00000210f77445b0 Thread added: 0x00000210f77445b0
Event: 0.053 Thread 0x00000210f7745540 Thread added: 0x00000210f7745540
Event: 0.054 Thread 0x00000210f7747640 Thread added: 0x00000210f7747640
Event: 0.054 Thread 0x00000210f774d880 Thread added: 0x00000210f774d880
Event: 0.054 Thread 0x00000210f774c5d0 Thread added: 0x00000210f774c5d0
Event: 0.055 Thread 0x00000210f774df00 Thread added: 0x00000210f774df00
Event: 0.055 Thread 0x00000210f774f7b0 Thread added: 0x00000210f774f7b0
Event: 0.055 Thread 0x00000210f7752360 Thread added: 0x00000210f7752360
Event: 0.055 Thread 0x00000210f7761cb0 Thread added: 0x00000210f7761cb0
Event: 0.177 Thread 0x00000210f77172b0 Thread added: 0x00000210f77172b0
Event: 0.420 Thread 0x00000210fbbfdbd0 Thread added: 0x00000210fbbfdbd0
Event: 0.420 Thread 0x00000210fbb33880 Thread added: 0x00000210fbb33880


Dynamic libraries:
0x00007ff763fe0000 - 0x00007ff763fee000 	C:\Users\Utente-PC\.jdks\openjdk-19.0.2\bin\java.exe
0x00007fffa4570000 - 0x00007fffa4768000 	C:\Windows\SYSTEM32\ntdll.dll
0x00007fffa2cc0000 - 0x00007fffa2d7f000 	C:\Windows\System32\KERNEL32.DLL
0x00007fffa21b0000 - 0x00007fffa248a000 	C:\Windows\System32\KERNELBASE.dll
0x00007fffa20b0000 - 0x00007fffa21b0000 	C:\Windows\System32\ucrtbase.dll
0x00007fff856d0000 - 0x00007fff856e7000 	C:\Users\Utente-PC\.jdks\openjdk-19.0.2\bin\jli.dll
0x00007fffa3500000 - 0x00007fffa369d000 	C:\Windows\System32\USER32.dll
0x00007fffa2490000 - 0x00007fffa24b2000 	C:\Windows\System32\win32u.dll
0x00007fffa36d0000 - 0x00007fffa36fb000 	C:\Windows\System32\GDI32.dll
0x00007fffa24c0000 - 0x00007fffa25d0000 	C:\Windows\System32\gdi32full.dll
0x00007fffa2010000 - 0x00007fffa20ad000 	C:\Windows\System32\msvcp_win.dll
0x00007fff856b0000 - 0x00007fff856cb000 	C:\Users\Utente-PC\.jdks\openjdk-19.0.2\bin\VCRUNTIME140.dll
0x00007fff8f4e0000 - 0x00007fff8f77a000 	C:\Windows\WinSxS\amd64_microsoft.windows.common-controls_6595b64144ccf1df_6.0.19041.1110_none_60b5254171f9507e\COMCTL32.dll
0x00007fffa2db0000 - 0x00007fffa2e4e000 	C:\Windows\System32\msvcrt.dll
0x00007fffa2d80000 - 0x00007fffa2db0000 	C:\Windows\System32\IMM32.DLL
0x00007fff9c100000 - 0x00007fff9c10c000 	C:\Users\Utente-PC\.jdks\openjdk-19.0.2\bin\vcruntime140_1.dll
0x00007fff859c0000 - 0x00007fff85a4e000 	C:\Users\Utente-PC\.jdks\openjdk-19.0.2\bin\msvcp140.dll
0x00007fff5c9c0000 - 0x00007fff5d680000 	C:\Users\Utente-PC\.jdks\openjdk-19.0.2\bin\server\jvm.dll
0x00007fffa26f0000 - 0x00007fffa279e000 	C:\Windows\System32\ADVAPI32.dll
0x00007fffa2a20000 - 0x00007fffa2abc000 	C:\Windows\System32\sechost.dll
0x00007fffa2ac0000 - 0x00007fffa2be6000 	C:\Windows\System32\RPCRT4.dll
0x00007fff99ac0000 - 0x00007fff99ac9000 	C:\Windows\SYSTEM32\WSOCK32.dll
0x00007fffa2bf0000 - 0x00007fffa2c5b000 	C:\Windows\System32\WS2_32.dll
0x00007fff92140000 - 0x00007fff92167000 	C:\Windows\SYSTEM32\WINMM.dll
0x00007fff91cf0000 - 0x00007fff91cfa000 	C:\Windows\SYSTEM32\VERSION.dll
0x00007fff9fa60000 - 0x00007fff9fa72000 	C:\Windows\SYSTEM32\kernel.appcore.dll
0x00007fff875c0000 - 0x00007fff875ca000 	C:\Users\Utente-PC\.jdks\openjdk-19.0.2\bin\jimage.dll
0x00007fff90c30000 - 0x00007fff90e14000 	C:\Windows\SYSTEM32\DBGHELP.DLL
0x00007fff905b0000 - 0x00007fff905e4000 	C:\Windows\SYSTEM32\dbgcore.DLL
0x00007fffa1f50000 - 0x00007fffa1fd2000 	C:\Windows\System32\bcryptPrimitives.dll
0x00007fff9d760000 - 0x00007fff9d76e000 	C:\Users\Utente-PC\.jdks\openjdk-19.0.2\bin\instrument.dll
0x00007fff85880000 - 0x00007fff858a6000 	C:\Users\Utente-PC\.jdks\openjdk-19.0.2\bin\java.dll
0x00007fff9bc50000 - 0x00007fff9bd27000 	C:\Users\Utente-PC\.jdks\openjdk-19.0.2\bin\jsvml.dll
0x00007fffa3d50000 - 0x00007fffa4494000 	C:\Windows\System32\SHELL32.dll
0x00007fff9fd40000 - 0x00007fffa04d3000 	C:\Windows\SYSTEM32\windows.storage.dll
0x00007fffa2e50000 - 0x00007fffa31a4000 	C:\Windows\System32\combase.dll
0x00007fffa1600000 - 0x00007fffa162e000 	C:\Windows\SYSTEM32\Wldp.dll
0x00007fffa3360000 - 0x00007fffa340d000 	C:\Windows\System32\SHCORE.dll
0x00007fffa2960000 - 0x00007fffa29b5000 	C:\Windows\System32\shlwapi.dll
0x00007fffa1bc0000 - 0x00007fffa1bdf000 	C:\Windows\SYSTEM32\profapi.dll
0x00007fff99f90000 - 0x00007fff99fa8000 	C:\Users\Utente-PC\.jdks\openjdk-19.0.2\bin\zip.dll
0x00007fff9b8f0000 - 0x00007fff9b903000 	C:\Users\Utente-PC\.jdks\openjdk-19.0.2\bin\net.dll
0x00007fff971a0000 - 0x00007fff972aa000 	C:\Windows\SYSTEM32\WINHTTP.dll
0x00007fffa1360000 - 0x00007fffa13ca000 	C:\Windows\system32\mswsock.dll
0x00007fff9a060000 - 0x00007fff9a076000 	C:\Users\Utente-PC\.jdks\openjdk-19.0.2\bin\nio.dll
0x00007fff9d710000 - 0x00007fff9d72a000 	C:\Program Files\JetBrains\IntelliJ IDEA Community Edition 2022.2.1\bin\breakgen64.dll
0x00007fff9f220000 - 0x00007fff9f228000 	C:\Users\Utente-PC\.jdks\openjdk-19.0.2\bin\extnet.dll
0x00007fff9bbb0000 - 0x00007fff9bbc0000 	C:\Users\Utente-PC\.jdks\openjdk-19.0.2\bin\verify.dll

dbghelp: loaded successfully - version: 4.0.5 - missing functions: none
symbol engine: initialized successfully - sym options: 0x614 - pdb path: .;C:\Users\Utente-PC\.jdks\openjdk-19.0.2\bin;C:\Windows\SYSTEM32;C:\Windows\WinSxS\amd64_microsoft.windows.common-controls_6595b64144ccf1df_6.0.19041.1110_none_60b5254171f9507e;C:\Users\Utente-PC\.jdks\openjdk-19.0.2\bin\server;C:\Program Files\JetBrains\IntelliJ IDEA Community Edition 2022.2.1\bin

VM Arguments:
jvm_args: -javaagent:C:\Program Files\JetBrains\IntelliJ IDEA Community Edition 2022.2.1\lib\idea_rt.jar=51021:C:\Program Files\JetBrains\IntelliJ IDEA Community Edition 2022.2.1\bin -Dfile.encoding=UTF-8 -Dsun.stdout.encoding=UTF-8 -Dsun.stderr.encoding=UTF-8 
java_command: co.develhope.springrepositories2.SpringRepositories2Application
java_class_path (initial): C:\Users\Utente-PC\Documents\Develhope\spring-repositories-2\spring-repositories-2\target\classes;C:\Users\Utente-PC\.m2\repository\org\springframework\boot\spring-boot-starter-data-jpa\2.6.5\spring-boot-starter-data-jpa-2.6.5.jar;C:\Users\Utente-PC\.m2\repository\org\springframework\boot\spring-boot-starter-aop\2.6.5\spring-boot-starter-aop-2.6.5.jar;C:\Users\Utente-PC\.m2\repository\org\springframework\spring-aop\5.3.17\spring-aop-5.3.17.jar;C:\Users\Utente-PC\.m2\repository\org\aspectj\aspectjweaver\1.9.7\aspectjweaver-1.9.7.jar;C:\Users\Utente-PC\.m2\repository\org\springframework\boot\spring-boot-starter-jdbc\2.6.5\spring-boot-starter-jdbc-2.6.5.jar;C:\Users\Utente-PC\.m2\repository\com\zaxxer\HikariCP\4.0.3\HikariCP-4.0.3.jar;C:\Users\Utente-PC\.m2\repository\org\springframework\spring-jdbc\5.3.17\spring-jdbc-5.3.17.jar;C:\Users\Utente-PC\.m2\repository\jakarta\transaction\jakarta.transaction-api\1.3.3\jakarta.transaction-api-1.3.3.jar;C:\Users\Utente-PC\.m2\repository\jakarta\persistence\jakarta.persistence-api\2.2.3\jakarta.persistence-api-2.2.3.jar;C:\Users\Utente-PC\.m2\repository\org\hibernate\hibernate-core\5.6.7.Final\hibernate-core-5.6.7.Final.jar;C:\Users\Utente-PC\.m2\repository\org\jboss\logging\jboss-logging\3.4.3.Final\jboss-logging-3.4.3.Final.jar;C:\Users\Utente-PC\.m2\repository\net\bytebuddy\byte-buddy\1.11.22\byte-buddy-1.11.22.jar;C:\Users\Utente-PC\.m2\repository\antlr\antlr\2.7.7\antlr-2.7.7.jar;C:\Users\Utente-PC\.m2\repository\org\jboss\jandex\2.4.2.Final\jandex-2.4.2.Final.jar;C:\Users\Utente-PC\.m2\repository\com\fasterxml\classmate\1.5.1\classmate-1.5.1.jar;C:\Users\Utente-PC\.m2\repository\org\hibernate\common\hibernate-commons-annotations\5.1.2.Final\hibernate-commons-annotations-5.1.2.Final.jar;C:\Users\Utente-PC\.m2\repository\org\glassfish\jaxb\jaxb-runtime\2.3.6\jaxb-runtime-2.3.6.jar;C:\Users\Utente-PC\.m2\repository\org\glassfish\jaxb\txw2\2.3.6\txw2-2.3.6.jar;C:\Users\Utente-PC\.m2\repository\com\sun\istack\istack-commons-runtime\3.0.12\istack-commons-runtime-3.0.12.jar;C:\Users\Utente-PC\.m2\repository\com\sun\activation\jakarta.activation\1.2.2\jakarta.activation-1.2.2.jar;C:\Users\Utente-PC\.m2\repository\org\springframework\data\spring-data-jpa\2.6.3\spring-data-jpa-2.6.3.jar;C:\Users\Utente-PC\.m2\repository\org\springframework\data\spring-data-commons\2.6.3\spring-data-commons-2.6.3.jar;C:\Users\Utente-PC\.m2\repository\org\springframework\spring-orm\5.3.17\spring-orm-5.3.17.jar;C:\Users\Utente-PC\.m2\repository\org\springframework\spring-context\5.3.17\spring-context-5.3.17.jar;C:\Users\Utente-PC\.m2\repository\org\springframework\spring-tx\5.3.17\spring-tx-5.3.17.jar;C:\Users\Utente-PC\.m2\repository\org\springframework\spring-beans\5.3.17\spring-beans-5.3.17.jar;C:\Users\Utente-PC\.m2\repository\org\springframework\spring-aspects\5.3.17\spring-aspects-5.3.17.jar;C:\Users\Utente-PC\.m2\repository\org\springframework\boot\spring-boot-starter-data-rest\2.6.5\spring-boot-starter-data-rest-2.6.5.jar;C:\Users\Utente-PC\.m2\repository\org\springframework\data\spring-data-rest-webmvc\3.6.3\spring-data-rest-webmvc-3.6.3.jar;C:\Users\Utente-PC\.m2\repository\org\springframework\data\spring-data-rest-core\3.6.3\spring-data-rest-core-3.6.3.jar;C:\Users\Utente-PC\.m2\repository\org\springframework\hateoas\spring-hateoas\1.4.1\spring-hateoas-1.4.1.jar;C:\Users\Utente-PC\.m2\repository\org\springframework\plugin\spring-plugin-core\2.0.0.RELEASE\spring-plugin-core-2.0.0.RELEASE.jar;C:\Users\Utente-PC\.m2\repository\org\atteo\evo-inflector\1.3\evo-inflector-1.3.jar;C:\Users\Utente-PC\.m2\repository\com\fasterxml\jackson\core\jackson-databind\2.13.2\jackson-databind-2.13.2.jar;C:\Users\Utente-PC\.m2\repository\com\fasterxml\jackson\core\jackson-core\2.13.2\jackson-core-2.13.2.jar;C:\Users\Utente-PC\.m2\repository\com\fasterxml\jackson\core\jackson-annotations\2.13.2\jackson-annotations-2.13.2.jar;C:\Users\Utente-PC\.m2\repository\org\springframework\boot\spring-boot-starter-web\2.6.5\spring-boot-starter-web-2.6.5.jar;C:\Users\Utente-PC\.m2\repository\org\springframework\boot\spring-boot-starter\2.6.5\spring-boot-starter-2.6.5.jar;C:\Users\Utente-PC\.m2\repository\org\springframework\boot\spring-boot-starter-logging\2.6.5\spring-boot-starter-logging-2.6.5.jar;C:\Users\Utente-PC\.m2\repository\ch\qos\logback\logback-classic\1.2.11\logback-classic-1.2.11.jar;C:\Users\Utente-PC\.m2\repository\ch\qos\logback\logback-core\1.2.11\logback-core-1.2.11.jar;C:\Users\Utente-PC\.m2\repository\org\apache\logging\log4j\log4j-to-slf4j\2.17.2\log4j-to-slf4j-2.17.2.jar;C:\Users\Utente-PC\.m2\repository\org\apache\logging\log4j\log4j-api\2.17.2\log4j-api-2.17.2.jar;C:\Users\Utente-PC\.m2\repository\org\slf4j\jul-to-slf4j\1.7.36\jul-to-slf4j-1.7.36.jar;C:\Users\Utente-PC\.m2\repository\jakarta\annotation\jakarta.annotation-api\1.3.5\jakarta.annotation-api-1.3.5.jar;C:\Users\Utente-PC\.m2\repository\org\yaml\snakeyaml\1.29\snakeyaml-1.29.jar;C:\Users\Utente-PC\.m2\repository\org\springframework\boot\spring-boot-starter-json\2.6.5\spring-boot-starter-json-2.6.5.jar;C:\Users\Utente-PC\.m2\repository\com\fasterxml\jackson\datatype\jackson-datatype-jdk8\2.13.2\jackson-datatype-jdk8-2.13.2.jar;C:\Users\Utente-PC\.m2\repository\com\fasterxml\jackson\datatype\jackson-datatype-jsr310\2.13.2\jackson-datatype-jsr310-2.13.2.jar;C:\Users\Utente-PC\.m2\repository\com\fasterxml\jackson\module\jackson-module-parameter-names\2.13.2\jackson-module-parameter-names-2.13.2.jar;C:\Users\Utente-PC\.m2\repository\org\springframework\boot\spring-boot-starter-tomcat\2.6.5\spring-boot-starter-tomcat-2.6.5.jar;C:\Users\Utente-PC\.m2\repository\org\apache\tomcat\embed\tomcat-embed-core\9.0.60\tomcat-embed-core-9.0.60.jar;C:\Users\Utente-PC\.m2\repository\org\apache\tomcat\embed\tomcat-embed-el\9.0.60\tomcat-embed-el-9.0.60.jar;C:\Users\Utente-PC\.m2\repository\org\apache\tomcat\embed\tomcat-embed-websocket\9.0.60\tomcat-embed-websocket-9.0.60.jar;C:\Users\Utente-PC\.m2\repository\org\springframework\spring-web\5.3.17\spring-web-5.3.17.jar;C:\Users\Utente-PC\.m2\repository\org\springframework\spring-webmvc\5.3.17\spring-webmvc-5.3.17.jar;C:\Users\Utente-PC\.m2\repository\org\springframework\spring-expression\5.3.17\spring-expression-5.3.17.jar;C:\Users\Utente-PC\.m2\repository\org\springframework\data\spring-data-rest-hal-explorer\3.6.3\spring-data-rest-hal-explorer-3.6.3.jar;C:\Users\Utente-PC\.m2\repository\org\slf4j\slf4j-api\1.7.36\slf4j-api-1.7.36.jar;C:\Users\Utente-PC\.m2\repository\org\springframework\boot\spring-boot-devtools\2.6.5\spring-boot-devtools-2.6.5.jar;C:\Users\Utente-PC\.m2\repository\org\springframework\boot\spring-boot\2.6.5\spring-boot-2.6.5.jar;C:\Users\Utente-PC\.m2\repository\org\springframework\boot\spring-boot-autoconfigure\2.6.5\spring-boot-autoconfigure-2.6.5.jar;C:\Users\Utente-PC\.m2\repository\mysql\mysql-connector-java\8.0.28\mysql-connector-java-8.0.28.jar;C:\Users\Utente-PC\.m2\repository\org\projectlombok\lombok\1.18.22\lombok-1.18.22.jar;C:\Users\Utente-PC\.m2\repository\com\jayway\jsonpath\json-path\2.6.0\json-path-2.6.0.jar;C:\Users\Utente-PC\.m2\repository\net\minidev\json-smart\2.4.8\json-smart-2.4.8.jar;C:\Users\Utente-PC\.m2\repository\net\minidev\accessors-smart\2.4.8\accessors-smart-2.4.8.jar;C:\Users\Utente-PC\.m2\repository\org\ow2\asm\asm\9.1\asm-9.1.jar;C:\Users\Utente-PC\.m2\repository\jakarta\xml\bind\jakarta.xml.bind-api\2.3.3\jakarta.xml.bind-api-2.3.3.jar;C:\Users\Utente-PC\.m2\repository\jakarta\activation\jakarta.activation-api\1.2.2\jakarta.activation-api-1.2.2.jar;C:\Users\Utente-PC\.m2\repository\org\springframework\spring-core\5.3.17\spring-core-5.3.17.jar;C:\Users\Utente-PC\.m2\repository\org\springframework\spring-jcl\5.3.17\spring-jcl-5.3.17.jar
Launcher Type: SUN_STANDARD

[Global flags]
     intx CICompilerCount                          = 2                                         {product} {ergonomic}
     uint ConcGCThreads                            = 1                                         {product} {ergonomic}
     uint G1ConcRefinementThreads                  = 2                                         {product} {ergonomic}
   size_t G1HeapRegionSize                         = 1048576                                   {product} {ergonomic}
    uintx GCDrainStackTargetSize                   = 64                                        {product} {ergonomic}
   size_t InitialHeapSize                          = 100663296                                 {product} {ergonomic}
   size_t MarkStackSize                            = 4194304                                   {product} {ergonomic}
   size_t MaxHeapSize                              = 1583349760                                {product} {ergonomic}
   size_t MaxNewSize                               = 950009856                                 {product} {ergonomic}
   size_t MinHeapDeltaBytes                        = 1048576                                   {product} {ergonomic}
   size_t MinHeapSize                              = 8388608                                   {product} {ergonomic}
    uintx NonNMethodCodeHeapSize                   = 5826188                                {pd product} {ergonomic}
    uintx NonProfiledCodeHeapSize                  = 122916026                              {pd product} {ergonomic}
    uintx ProfiledCodeHeapSize                     = 122916026                              {pd product} {ergonomic}
    uintx ReservedCodeCacheSize                    = 251658240                              {pd product} {ergonomic}
     bool SegmentedCodeCache                       = true                                      {product} {ergonomic}
   size_t SoftMaxHeapSize                          = 1583349760                             {manageable} {ergonomic}
     bool UseCompressedClassPointers               = true                           {product lp64_product} {ergonomic}
     bool UseCompressedOops                        = true                           {product lp64_product} {ergonomic}
     bool UseG1GC                                  = true                                      {product} {ergonomic}
     bool UseLargePagesIndividualAllocation        = false                                  {pd product} {ergonomic}

Logging:
Log output configuration:
 #0: stdout all=warning uptime,level,tags foldmultilines=false
 #1: stderr all=off uptime,level,tags foldmultilines=false

Environment Variables:
PATH=C:\Program Files\Common Files\Oracle\Java\javapath;C:\Program Files (x86)\NVIDIA Corporation\PhysX\Common;C:\Windows\system32;C:\Windows;C:\Windows\System32\Wbem;C:\Windows\System32\WindowsPowerShell\v1.0\;C:\Program Files\nodejs\;C:\Program Files\Git\cmd;C:\Program Files\MySQL\MySQL Shell 8.0\bin\;C:\Users\Utente-PC\AppData\Local\Microsoft\WindowsApps;;C:\Users\Utente-PC\AppData\Local\Programs\Microsoft VS Code\bin;C:\Users\Utente-PC\AppData\Roaming\npm
USERNAME=Utente-PC
OS=Windows_NT
PROCESSOR_IDENTIFIER=Intel64 Family 6 Model 42 Stepping 7, GenuineIntel
TMP=C:\Users\UTENTE~1\AppData\Local\Temp
TEMP=C:\Users\UTENTE~1\AppData\Local\Temp



---------------  S Y S T E M  ---------------

OS:
 Windows 10 , 64 bit Build 19041 (10.0.19041.2788)
OS uptime: 0 days 3:52 hours

CPU: total 2 (initial active 2) (2 cores per cpu, 1 threads per core) family 6 model 42 stepping 7 microcode 0x2f, cx8, cmov, fxsr, mmx, sse, sse2, sse3, ssse3, sse4.1, sse4.2, popcnt, tsc, tscinvbit, clmul, clflush, rdtscp

Memory: 4k page, system-wide physical 6033M (562M free)
TotalPageFile size 6033M (AvailPageFile size 4M)
current process WorkingSet (physical memory assigned to process): 48M, peak: 48M
current process commit charge ("private bytes"): 171M, peak: 171M

vm_info: OpenJDK 64-Bit Server VM (19.0.2+7-44) for windows-amd64 JRE (19.0.2+7-44), built on 2022-11-30T18:02:09Z by "mach5one" with MS VC++ 17.1 (VS2022)

END.
